16:52:13.695 [restartedMain] INFO  pl.piomin.services.boot.Application - Starting Application on DESKTOP-NQ639DU with PID 724 (started by pc in C:\Users\pc\Desktop\Spring Cloud\LinkedInVideos\Mastering-Spring-Cloud\Chapter02\sample-spring-boot-web-master)
16:52:13.695 [restartedMain] INFO  pl.piomin.services.boot.Application - No active profile set, falling back to default profiles: default
16:52:13.781 [restartedMain] INFO  o.s.b.c.e.AnnotationConfigEmbeddedWebApplicationContext - Refreshing org.springframework.boot.context.embedded.AnnotationConfigEmbeddedWebApplicationContext@6849121e: startup date [Sat Dec 22 16:52:13 IST 2018]; root of context hierarchy
16:52:16.236 [restartedMain] INFO  o.s.b.c.e.t.TomcatEmbeddedServletContainer - Tomcat initialized with port(s): 2222 (http)
16:52:16.250 [restartedMain] INFO  o.a.catalina.core.StandardService - Starting service [Tomcat]
16:52:16.251 [restartedMain] INFO  o.a.catalina.core.StandardEngine - Starting Servlet Engine: Apache Tomcat/8.5.20
16:52:16.334 [localhost-startStop-1] INFO  o.a.c.c.C.[Tomcat].[localhost].[/] - Initializing Spring embedded WebApplicationContext
16:52:16.334 [localhost-startStop-1] INFO  o.s.web.context.ContextLoader - Root WebApplicationContext: initialization completed in 2553 ms
16:52:16.680 [localhost-startStop-1] INFO  o.s.b.w.s.ServletRegistrationBean - Mapping servlet: 'dispatcherServlet' to [/]
16:52:16.680 [localhost-startStop-1] INFO  o.s.b.w.s.FilterRegistrationBean - Mapping filter: 'metricsFilter' to: [/*]
16:52:16.680 [localhost-startStop-1] INFO  o.s.b.w.s.FilterRegistrationBean - Mapping filter: 'characterEncodingFilter' to: [/*]
16:52:16.680 [localhost-startStop-1] INFO  o.s.b.w.s.FilterRegistrationBean - Mapping filter: 'hiddenHttpMethodFilter' to: [/*]
16:52:16.680 [localhost-startStop-1] INFO  o.s.b.w.s.FilterRegistrationBean - Mapping filter: 'httpPutFormContentFilter' to: [/*]
16:52:16.680 [localhost-startStop-1] INFO  o.s.b.w.s.FilterRegistrationBean - Mapping filter: 'requestContextFilter' to: [/*]
16:52:16.680 [localhost-startStop-1] INFO  o.s.b.w.s.FilterRegistrationBean - Mapping filter: 'webRequestLoggingFilter' to: [/*]
16:52:16.680 [localhost-startStop-1] INFO  o.s.b.w.s.FilterRegistrationBean - Mapping filter: 'applicationContextIdFilter' to: [/*]
16:52:17.104 [restartedMain] INFO  o.s.w.s.m.m.a.RequestMappingHandlerMapping - Mapped "{[/person],methods=[POST]}" onto public pl.piomin.services.boot.model.Person pl.piomin.services.boot.controller.PersonController.add(pl.piomin.services.boot.model.Person)
16:52:17.105 [restartedMain] INFO  o.s.w.s.m.m.a.RequestMappingHandlerMapping - Mapped "{[/person],methods=[PUT]}" onto public void pl.piomin.services.boot.controller.PersonController.update(pl.piomin.services.boot.model.Person)
16:52:17.106 [restartedMain] INFO  o.s.w.s.m.m.a.RequestMappingHandlerMapping - Mapped "{[/person/{id}],methods=[DELETE]}" onto public void pl.piomin.services.boot.controller.PersonController.delete(java.lang.Long)
16:52:17.106 [restartedMain] INFO  o.s.w.s.m.m.a.RequestMappingHandlerMapping - Mapped "{[/person/{id}],methods=[GET]}" onto public pl.piomin.services.boot.model.Person pl.piomin.services.boot.controller.PersonController.findById(java.lang.Long)
16:52:17.107 [restartedMain] INFO  o.s.w.s.m.m.a.RequestMappingHandlerMapping - Mapped "{[/person],methods=[GET]}" onto public java.util.List<pl.piomin.services.boot.model.Person> pl.piomin.services.boot.controller.PersonController.findAll()
16:52:17.113 [restartedMain] INFO  o.s.w.s.m.m.a.RequestMappingHandlerMapping - Mapped "{[/swagger-resources]}" onto public org.springframework.http.ResponseEntity<java.util.List<springfox.documentation.swagger.web.SwaggerResource>> springfox.documentation.swagger.web.ApiResourceController.swaggerResources()
16:52:17.114 [restartedMain] INFO  o.s.w.s.m.m.a.RequestMappingHandlerMapping - Mapped "{[/swagger-resources/configuration/ui]}" onto public org.springframework.http.ResponseEntity<springfox.documentation.swagger.web.UiConfiguration> springfox.documentation.swagger.web.ApiResourceController.uiConfiguration()
16:52:17.114 [restartedMain] INFO  o.s.w.s.m.m.a.RequestMappingHandlerMapping - Mapped "{[/swagger-resources/configuration/security]}" onto public org.springframework.http.ResponseEntity<springfox.documentation.swagger.web.SecurityConfiguration> springfox.documentation.swagger.web.ApiResourceController.securityConfiguration()
16:52:17.120 [restartedMain] INFO  o.s.w.s.m.m.a.RequestMappingHandlerMapping - Mapped "{[/error]}" onto public org.springframework.http.ResponseEntity<java.util.Map<java.lang.String, java.lang.Object>> org.springframework.boot.autoconfigure.web.BasicErrorController.error(javax.servlet.http.HttpServletRequest)
16:52:17.121 [restartedMain] INFO  o.s.w.s.m.m.a.RequestMappingHandlerMapping - Mapped "{[/error],produces=[text/html]}" onto public org.springframework.web.servlet.ModelAndView org.springframework.boot.autoconfigure.web.BasicErrorController.errorHtml(javax.servlet.http.HttpServletRequest,javax.servlet.http.HttpServletResponse)
16:52:22.285 [Thread-8] INFO  o.s.b.a.mongo.embedded.EmbeddedMongo - note: noprealloc may hurt performance in many applications
16:52:22.291 [Thread-8] INFO  o.s.b.a.mongo.embedded.EmbeddedMongo - 2018-12-22T16:52:21.707+0530 I CONTROL  [initandlisten] MongoDB starting : pid=4448 port=51210 dbpath=C:\Users\pc\AppData\Local\Temp\embedmongo-db-3c71b4db-50c6-4488-9240-11e536746889 64-bit host=DESKTOP-NQ639DU
16:52:22.293 [Thread-8] INFO  o.s.b.a.mongo.embedded.EmbeddedMongo - 2018-12-22T16:52:21.708+0530 I CONTROL  [initandlisten] targetMinOS: Windows Vista/Windows Server 2008
16:52:22.293 [Thread-8] INFO  o.s.b.a.mongo.embedded.EmbeddedMongo - 2018-12-22T16:52:21.708+0530 I CONTROL  [initandlisten] db version v3.2.2
16:52:22.293 [Thread-8] INFO  o.s.b.a.mongo.embedded.EmbeddedMongo - 2018-12-22T16:52:21.708+0530 I CONTROL  [initandlisten] git version: 6e71d0d568e134c029203593b00a0103e7cdf30b
16:52:22.294 [Thread-8] INFO  o.s.b.a.mongo.embedded.EmbeddedMongo - 2018-12-22T16:52:21.708+0530 I CONTROL  [initandlisten] allocator: tcmalloc
16:52:22.295 [Thread-8] INFO  o.s.b.a.mongo.embedded.EmbeddedMongo - 2018-12-22T16:52:21.708+0530 I CONTROL  [initandlisten] modules: none
16:52:22.296 [Thread-8] INFO  o.s.b.a.mongo.embedded.EmbeddedMongo - 2018-12-22T16:52:21.708+0530 I CONTROL  [initandlisten] build environment:
16:52:22.297 [Thread-8] INFO  o.s.b.a.mongo.embedded.EmbeddedMongo - 2018-12-22T16:52:21.708+0530 I CONTROL  [initandlisten]     distarch: x86_64
16:52:22.315 [Thread-8] INFO  o.s.b.a.mongo.embedded.EmbeddedMongo - 2018-12-22T16:52:21.708+0530 I CONTROL  [initandlisten]     target_arch: x86_64
16:52:22.326 [Thread-8] INFO  o.s.b.a.mongo.embedded.EmbeddedMongo - 2018-12-22T16:52:21.708+0530 I CONTROL  [initandlisten] options: { net: { bindIp: "127.0.0.1", http: { enabled: false }, port: 51210 }, security: { authorization: "disabled" }, storage: { dbPath: "C:\Users\pc\AppData\Local\Temp\embedmongo-db-3c71b4db-50c6-4488-9240-11e536746889", journal: { enabled: false }, mmapv1: { preallocDataFiles: false, smallFiles: true }, syncPeriodSecs: 0.0 } }
16:52:22.330 [Thread-8] INFO  o.s.b.a.mongo.embedded.EmbeddedMongo - 2018-12-22T16:52:21.710+0530 I STORAGE  [initandlisten] wiredtiger_open config: create,cache_size=4G,session_max=20000,eviction=(threads_max=4),config_base=false,statistics=(fast),log=(enabled=true,archive=true,path=journal,compressor=snappy),file_manager=(close_idle_time=100000),checkpoint=(wait=0,log_size=2GB),statistics_log=(wait=0),,log=(enabled=false),
16:52:23.611 [Thread-8] INFO  o.s.b.a.mongo.embedded.EmbeddedMongo - 2018-12-22T16:52:23.611+0530 W STORAGE  [initandlisten] Detected configuration for non-active storage engine mmapv1 when current storage engine is wiredTiger
16:52:23.614 [Thread-8] INFO  o.s.b.a.mongo.embedded.EmbeddedMongo - 2018-12-22T16:52:23.614+0530 I NETWORK  [HostnameCanonicalizationWorker] Starting hostname canonicalization worker
16:52:23.619 [Thread-8] INFO  o.s.b.a.mongo.embedded.EmbeddedMongo - 2018-12-22T16:52:23.614+0530 I FTDC     [initandlisten] Initializing full-time diagnostic data capture with directory 'C:/Users/pc/AppData/Local/Temp/embedmongo-db-3c71b4db-50c6-4488-9240-11e536746889/diagnostic.data'
16:52:24.189 [Thread-8] INFO  o.s.b.a.mongo.embedded.EmbeddedMongo - 2018-12-22T16:52:24.189+0530 I NETWORK  [initandlisten] waiting for connections on port 51210
16:52:24.214 [restartedMain] INFO  d.f.embed.process.runtime.Executable - start de.flapdoodle.embed.mongo.config.MongodConfigBuilder$ImmutableMongodConfig@7c01c23b
16:52:25.490 [restartedMain] INFO  org.mongodb.driver.cluster - Cluster created with settings {hosts=[localhost:51210], mode=MULTIPLE, requiredClusterType=UNKNOWN, serverSelectionTimeout='30000 ms', maxWaitQueueSize=500}
16:52:25.491 [restartedMain] INFO  org.mongodb.driver.cluster - Adding discovered server localhost:51210 to client view of cluster
16:52:25.572 [Thread-8] INFO  o.s.b.a.mongo.embedded.EmbeddedMongo - 2018-12-22T16:52:25.572+0530 I NETWORK  [initandlisten] connection accepted from 127.0.0.1:51212 #1 (1 connection now open)
16:52:25.603 [cluster-ClusterId{value='5c1e1e71aae47202d4d9545f', description='null'}-localhost:51210] INFO  org.mongodb.driver.connection - Opened connection [connectionId{localValue:1, serverValue:1}] to localhost:51210
16:52:25.605 [cluster-ClusterId{value='5c1e1e71aae47202d4d9545f', description='null'}-localhost:51210] INFO  org.mongodb.driver.cluster - Monitor thread successfully connected to server with description ServerDescription{address=localhost:51210, type=STANDALONE, state=CONNECTED, ok=true, version=ServerVersion{versionList=[3, 2, 2]}, minWireVersion=0, maxWireVersion=4, maxDocumentSize=16777216, roundTripTimeNanos=796696}
16:52:25.609 [cluster-ClusterId{value='5c1e1e71aae47202d4d9545f', description='null'}-localhost:51210] INFO  org.mongodb.driver.cluster - Discovered cluster type of STANDALONE
16:52:25.942 [restartedMain] INFO  o.s.b.a.e.mvc.EndpointHandlerMapping - Mapped "{[/trace || /trace.json],methods=[GET],produces=[application/vnd.spring-boot.actuator.v1+json || application/json]}" onto public java.lang.Object org.springframework.boot.actuate.endpoint.mvc.EndpointMvcAdapter.invoke()
16:52:25.944 [restartedMain] INFO  o.s.b.a.e.mvc.EndpointHandlerMapping - Mapped "{[/env/{name:.*}],methods=[GET],produces=[application/vnd.spring-boot.actuator.v1+json || application/json]}" onto public java.lang.Object org.springframework.boot.actuate.endpoint.mvc.EnvironmentMvcEndpoint.value(java.lang.String)
16:52:25.944 [restartedMain] INFO  o.s.b.a.e.mvc.EndpointHandlerMapping - Mapped "{[/env || /env.json],methods=[GET],produces=[application/vnd.spring-boot.actuator.v1+json || application/json]}" onto public java.lang.Object org.springframework.boot.actuate.endpoint.mvc.EndpointMvcAdapter.invoke()
16:52:25.946 [restartedMain] INFO  o.s.b.a.e.mvc.EndpointHandlerMapping - Mapped "{[/heapdump || /heapdump.json],methods=[GET],produces=[application/octet-stream]}" onto public void org.springframework.boot.actuate.endpoint.mvc.HeapdumpMvcEndpoint.invoke(boolean,javax.servlet.http.HttpServletRequest,javax.servlet.http.HttpServletResponse) throws java.io.IOException,javax.servlet.ServletException
16:52:25.947 [restartedMain] INFO  o.s.b.a.e.mvc.EndpointHandlerMapping - Mapped "{[/configprops || /configprops.json],methods=[GET],produces=[application/vnd.spring-boot.actuator.v1+json || application/json]}" onto public java.lang.Object org.springframework.boot.actuate.endpoint.mvc.EndpointMvcAdapter.invoke()
16:52:25.948 [restartedMain] INFO  o.s.b.a.e.mvc.EndpointHandlerMapping - Mapped "{[/health || /health.json],methods=[GET],produces=[application/vnd.spring-boot.actuator.v1+json || application/json]}" onto public java.lang.Object org.springframework.boot.actuate.endpoint.mvc.HealthMvcEndpoint.invoke(javax.servlet.http.HttpServletRequest,java.security.Principal)
16:52:25.950 [restartedMain] INFO  o.s.b.a.e.mvc.EndpointHandlerMapping - Mapped "{[/loggers/{name:.*}],methods=[GET],produces=[application/vnd.spring-boot.actuator.v1+json || application/json]}" onto public java.lang.Object org.springframework.boot.actuate.endpoint.mvc.LoggersMvcEndpoint.get(java.lang.String)
16:52:25.951 [restartedMain] INFO  o.s.b.a.e.mvc.EndpointHandlerMapping - Mapped "{[/loggers/{name:.*}],methods=[POST],consumes=[application/vnd.spring-boot.actuator.v1+json || application/json],produces=[application/vnd.spring-boot.actuator.v1+json || application/json]}" onto public java.lang.Object org.springframework.boot.actuate.endpoint.mvc.LoggersMvcEndpoint.set(java.lang.String,java.util.Map<java.lang.String, java.lang.String>)
16:52:25.951 [restartedMain] INFO  o.s.b.a.e.mvc.EndpointHandlerMapping - Mapped "{[/loggers || /loggers.json],methods=[GET],produces=[application/vnd.spring-boot.actuator.v1+json || application/json]}" onto public java.lang.Object org.springframework.boot.actuate.endpoint.mvc.EndpointMvcAdapter.invoke()
16:52:25.952 [restartedMain] INFO  o.s.b.a.e.mvc.EndpointHandlerMapping - Mapped "{[/dump || /dump.json],methods=[GET],produces=[application/vnd.spring-boot.actuator.v1+json || application/json]}" onto public java.lang.Object org.springframework.boot.actuate.endpoint.mvc.EndpointMvcAdapter.invoke()
16:52:25.952 [restartedMain] INFO  o.s.b.a.e.mvc.EndpointHandlerMapping - Mapped "{[/info || /info.json],methods=[GET],produces=[application/vnd.spring-boot.actuator.v1+json || application/json]}" onto public java.lang.Object org.springframework.boot.actuate.endpoint.mvc.EndpointMvcAdapter.invoke()
16:52:25.953 [restartedMain] INFO  o.s.b.a.e.mvc.EndpointHandlerMapping - Mapped "{[/autoconfig || /autoconfig.json],methods=[GET],produces=[application/vnd.spring-boot.actuator.v1+json || application/json]}" onto public java.lang.Object org.springframework.boot.actuate.endpoint.mvc.EndpointMvcAdapter.invoke()
16:52:25.954 [restartedMain] INFO  o.s.b.a.e.mvc.EndpointHandlerMapping - Mapped "{[/logfile || /logfile.json],methods=[GET || HEAD]}" onto public void org.springframework.boot.actuate.endpoint.mvc.LogFileMvcEndpoint.invoke(javax.servlet.http.HttpServletRequest,javax.servlet.http.HttpServletResponse) throws javax.servlet.ServletException,java.io.IOException
16:52:25.954 [restartedMain] INFO  o.s.b.a.e.mvc.EndpointHandlerMapping - Mapped "{[/mappings || /mappings.json],methods=[GET],produces=[application/vnd.spring-boot.actuator.v1+json || application/json]}" onto public java.lang.Object org.springframework.boot.actuate.endpoint.mvc.EndpointMvcAdapter.invoke()
16:52:25.955 [restartedMain] INFO  o.s.b.a.e.mvc.EndpointHandlerMapping - Mapped "{[/metrics/{name:.*}],methods=[GET],produces=[application/vnd.spring-boot.actuator.v1+json || application/json]}" onto public java.lang.Object org.springframework.boot.actuate.endpoint.mvc.MetricsMvcEndpoint.value(java.lang.String)
16:52:25.956 [restartedMain] INFO  o.s.b.a.e.mvc.EndpointHandlerMapping - Mapped "{[/metrics || /metrics.json],methods=[GET],produces=[application/vnd.spring-boot.actuator.v1+json || application/json]}" onto public java.lang.Object org.springframework.boot.actuate.endpoint.mvc.EndpointMvcAdapter.invoke()
16:52:25.957 [restartedMain] INFO  o.s.b.a.e.mvc.EndpointHandlerMapping - Mapped "{[/auditevents || /auditevents.json],methods=[GET],produces=[application/vnd.spring-boot.actuator.v1+json || application/json]}" onto public org.springframework.http.ResponseEntity<?> org.springframework.boot.actuate.endpoint.mvc.AuditEventsMvcEndpoint.findByPrincipalAndAfterAndType(java.lang.String,java.util.Date,java.lang.String)
16:52:25.958 [restartedMain] INFO  o.s.b.a.e.mvc.EndpointHandlerMapping - Mapped "{[/beans || /beans.json],methods=[GET],produces=[application/vnd.spring-boot.actuator.v1+json || application/json]}" onto public java.lang.Object org.springframework.boot.actuate.endpoint.mvc.EndpointMvcAdapter.invoke()
16:52:26.114 [restartedMain] INFO  s.d.s.w.PropertySourcedRequestMappingHandlerMapping - Mapped URL path [/v2/api-docs] onto method [public org.springframework.http.ResponseEntity<springfox.documentation.spring.web.json.Json> springfox.documentation.swagger2.web.Swagger2Controller.getDocumentation(java.lang.String,javax.servlet.http.HttpServletRequest)]
16:52:26.520 [restartedMain] INFO  o.s.w.s.m.m.a.RequestMappingHandlerAdapter - Looking for @ControllerAdvice: org.springframework.boot.context.embedded.AnnotationConfigEmbeddedWebApplicationContext@6849121e: startup date [Sat Dec 22 16:52:13 IST 2018]; root of context hierarchy
16:52:26.565 [restartedMain] INFO  o.s.w.s.h.SimpleUrlHandlerMapping - Mapped URL path [/webjars/**] onto handler of type [class org.springframework.web.servlet.resource.ResourceHttpRequestHandler]
16:52:26.565 [restartedMain] INFO  o.s.w.s.h.SimpleUrlHandlerMapping - Mapped URL path [/**] onto handler of type [class org.springframework.web.servlet.resource.ResourceHttpRequestHandler]
16:52:26.610 [restartedMain] INFO  o.s.w.s.h.SimpleUrlHandlerMapping - Mapped URL path [/**/favicon.ico] onto handler of type [class org.springframework.web.servlet.resource.ResourceHttpRequestHandler]
16:52:26.846 [restartedMain] INFO  o.s.b.d.a.OptionalLiveReloadServer - LiveReload server is running on port 35729
16:52:26.908 [restartedMain] INFO  o.s.j.e.a.AnnotationMBeanExporter - Registering beans for JMX exposure on startup
16:52:26.920 [restartedMain] INFO  o.s.c.s.DefaultLifecycleProcessor - Starting beans in phase 0
16:52:26.999 [restartedMain] INFO  o.s.c.s.DefaultLifecycleProcessor - Starting beans in phase 2147483647
16:52:27.002 [restartedMain] INFO  s.d.s.w.p.DocumentationPluginsBootstrapper - Context refreshed
16:52:27.024 [restartedMain] INFO  s.d.s.w.p.DocumentationPluginsBootstrapper - Found 1 custom documentation plugin(s)
16:52:27.147 [restartedMain] INFO  s.d.s.w.s.ApiListingReferenceScanner - Scanning for api listing references
16:52:27.508 [restartedMain] INFO  o.s.b.c.e.t.TomcatEmbeddedServletContainer - Tomcat started on port(s): 2222 (http)
16:52:27.521 [restartedMain] INFO  pl.piomin.services.boot.Application - Started Application in 14.187 seconds (JVM running for 15.981)
16:53:39.518 [http-nio-2222-exec-1] INFO  o.a.c.c.C.[Tomcat].[localhost].[/] - Initializing Spring FrameworkServlet 'dispatcherServlet'
16:53:39.518 [http-nio-2222-exec-1] INFO  o.s.web.servlet.DispatcherServlet - FrameworkServlet 'dispatcherServlet': initialization started
16:53:39.555 [http-nio-2222-exec-1] INFO  o.s.web.servlet.DispatcherServlet - FrameworkServlet 'dispatcherServlet': initialization completed in 36 ms
16:55:14.342 [RMI TCP Connection(12)-127.0.0.1] INFO  o.s.b.a.SpringApplicationAdminMXBeanRegistrar$SpringApplicationAdmin - Application shutdown requested.
16:55:14.342 [RMI TCP Connection(12)-127.0.0.1] INFO  o.s.b.c.e.AnnotationConfigEmbeddedWebApplicationContext - Closing org.springframework.boot.context.embedded.AnnotationConfigEmbeddedWebApplicationContext@6849121e: startup date [Sat Dec 22 16:52:13 IST 2018]; root of context hierarchy
16:55:14.346 [RMI TCP Connection(12)-127.0.0.1] INFO  o.s.c.s.DefaultLifecycleProcessor - Stopping beans in phase 2147483647
16:55:14.347 [RMI TCP Connection(12)-127.0.0.1] INFO  o.s.c.s.DefaultLifecycleProcessor - Stopping beans in phase 0
16:55:14.350 [RMI TCP Connection(12)-127.0.0.1] INFO  o.s.j.e.a.AnnotationMBeanExporter - Unregistering JMX-exposed beans on shutdown
16:55:14.352 [Thread-8] INFO  o.s.b.a.mongo.embedded.EmbeddedMongo - 2018-12-22T16:55:14.352+0530 I NETWORK  [conn1] end connection 127.0.0.1:51212 (0 connections now open)
16:55:14.355 [Thread-8] INFO  o.s.b.a.mongo.embedded.EmbeddedMongo - 2018-12-22T16:55:14.355+0530 I NETWORK  [initandlisten] connection accepted from 127.0.0.1:51258 #2 (1 connection now open)
16:55:14.355 [Thread-8] INFO  o.s.b.a.mongo.embedded.EmbeddedMongo - 2018-12-22T16:55:14.355+0530 I COMMAND  [conn2] terminating, shutdown command received
16:55:14.356 [Thread-8] INFO  o.s.b.a.mongo.embedded.EmbeddedMongo - 2018-12-22T16:55:14.355+0530 I FTDC     [conn2] Shutting down full-time diagnostic data capture
16:55:14.549 [Thread-8] INFO  o.s.b.a.mongo.embedded.EmbeddedMongo - 2018-12-22T16:55:14.549+0530 I CONTROL  [conn2] now exiting
16:55:14.549 [Thread-8] INFO  o.s.b.a.mongo.embedded.EmbeddedMongo - 2018-12-22T16:55:14.549+0530 I NETWORK  [conn2] shutdown: going to close listening sockets...
16:55:14.549 [Thread-8] INFO  o.s.b.a.mongo.embedded.EmbeddedMongo - 2018-12-22T16:55:14.549+0530 I NETWORK  [conn2] closing listening socket: 644
16:55:14.551 [Thread-8] INFO  o.s.b.a.mongo.embedded.EmbeddedMongo - 2018-12-22T16:55:14.549+0530 I NETWORK  [conn2] shutdown: going to flush diaglog...
16:55:14.551 [Thread-8] INFO  o.s.b.a.mongo.embedded.EmbeddedMongo - 2018-12-22T16:55:14.549+0530 I NETWORK  [conn2] shutdown: going to close sockets...
16:55:14.551 [Thread-8] INFO  o.s.b.a.mongo.embedded.EmbeddedMongo - 2018-12-22T16:55:14.550+0530 I STORAGE  [conn2] WiredTigerKVEngine shutting down
16:56:32.452 [restartedMain] INFO  pl.piomin.services.boot.Application - Starting Application on DESKTOP-NQ639DU with PID 272 (started by pc in C:\Users\pc\Desktop\Spring Cloud\LinkedInVideos\Mastering-Spring-Cloud\Chapter02\sample-spring-boot-web-master)
16:56:32.452 [restartedMain] INFO  pl.piomin.services.boot.Application - No active profile set, falling back to default profiles: default
16:56:32.497 [restartedMain] INFO  o.s.b.c.e.AnnotationConfigEmbeddedWebApplicationContext - Refreshing org.springframework.boot.context.embedded.AnnotationConfigEmbeddedWebApplicationContext@5c3d5b38: startup date [Sat Dec 22 16:56:32 IST 2018]; root of context hierarchy
16:56:34.554 [restartedMain] INFO  o.s.b.c.e.t.TomcatEmbeddedServletContainer - Tomcat initialized with port(s): 2222 (http)
16:56:34.576 [restartedMain] INFO  o.a.catalina.core.StandardService - Starting service [Tomcat]
16:56:34.577 [restartedMain] INFO  o.a.catalina.core.StandardEngine - Starting Servlet Engine: Apache Tomcat/8.5.20
16:56:34.648 [localhost-startStop-1] INFO  o.a.c.c.C.[Tomcat].[localhost].[/] - Initializing Spring embedded WebApplicationContext
16:56:34.648 [localhost-startStop-1] INFO  o.s.web.context.ContextLoader - Root WebApplicationContext: initialization completed in 2151 ms
16:56:34.902 [localhost-startStop-1] INFO  o.s.b.w.s.ServletRegistrationBean - Mapping servlet: 'dispatcherServlet' to [/]
16:56:34.902 [localhost-startStop-1] INFO  o.s.b.w.s.FilterRegistrationBean - Mapping filter: 'metricsFilter' to: [/*]
16:56:34.902 [localhost-startStop-1] INFO  o.s.b.w.s.FilterRegistrationBean - Mapping filter: 'characterEncodingFilter' to: [/*]
16:56:34.902 [localhost-startStop-1] INFO  o.s.b.w.s.FilterRegistrationBean - Mapping filter: 'hiddenHttpMethodFilter' to: [/*]
16:56:34.902 [localhost-startStop-1] INFO  o.s.b.w.s.FilterRegistrationBean - Mapping filter: 'httpPutFormContentFilter' to: [/*]
16:56:34.902 [localhost-startStop-1] INFO  o.s.b.w.s.FilterRegistrationBean - Mapping filter: 'requestContextFilter' to: [/*]
16:56:34.902 [localhost-startStop-1] INFO  o.s.b.w.s.FilterRegistrationBean - Mapping filter: 'webRequestLoggingFilter' to: [/*]
16:56:34.902 [localhost-startStop-1] INFO  o.s.b.w.s.FilterRegistrationBean - Mapping filter: 'applicationContextIdFilter' to: [/*]
16:56:35.333 [restartedMain] INFO  o.s.w.s.m.m.a.RequestMappingHandlerMapping - Mapped "{[/person],methods=[POST]}" onto public pl.piomin.services.boot.model.Person pl.piomin.services.boot.controller.PersonController.add(pl.piomin.services.boot.model.Person)
16:56:35.334 [restartedMain] INFO  o.s.w.s.m.m.a.RequestMappingHandlerMapping - Mapped "{[/person],methods=[PUT]}" onto public void pl.piomin.services.boot.controller.PersonController.update(pl.piomin.services.boot.model.Person)
16:56:35.335 [restartedMain] INFO  o.s.w.s.m.m.a.RequestMappingHandlerMapping - Mapped "{[/person/{id}],methods=[DELETE]}" onto public void pl.piomin.services.boot.controller.PersonController.delete(java.lang.Long)
16:56:35.335 [restartedMain] INFO  o.s.w.s.m.m.a.RequestMappingHandlerMapping - Mapped "{[/person],methods=[GET]}" onto public java.util.List<pl.piomin.services.boot.model.Person> pl.piomin.services.boot.controller.PersonController.findAll()
16:56:35.336 [restartedMain] INFO  o.s.w.s.m.m.a.RequestMappingHandlerMapping - Mapped "{[/person/{id}],methods=[GET]}" onto public pl.piomin.services.boot.model.Person pl.piomin.services.boot.controller.PersonController.findById(java.lang.Long)
16:56:35.340 [restartedMain] INFO  o.s.w.s.m.m.a.RequestMappingHandlerMapping - Mapped "{[/swagger-resources/configuration/security]}" onto public org.springframework.http.ResponseEntity<springfox.documentation.swagger.web.SecurityConfiguration> springfox.documentation.swagger.web.ApiResourceController.securityConfiguration()
16:56:35.341 [restartedMain] INFO  o.s.w.s.m.m.a.RequestMappingHandlerMapping - Mapped "{[/swagger-resources]}" onto public org.springframework.http.ResponseEntity<java.util.List<springfox.documentation.swagger.web.SwaggerResource>> springfox.documentation.swagger.web.ApiResourceController.swaggerResources()
16:56:35.341 [restartedMain] INFO  o.s.w.s.m.m.a.RequestMappingHandlerMapping - Mapped "{[/swagger-resources/configuration/ui]}" onto public org.springframework.http.ResponseEntity<springfox.documentation.swagger.web.UiConfiguration> springfox.documentation.swagger.web.ApiResourceController.uiConfiguration()
16:56:35.345 [restartedMain] INFO  o.s.w.s.m.m.a.RequestMappingHandlerMapping - Mapped "{[/error]}" onto public org.springframework.http.ResponseEntity<java.util.Map<java.lang.String, java.lang.Object>> org.springframework.boot.autoconfigure.web.BasicErrorController.error(javax.servlet.http.HttpServletRequest)
16:56:35.346 [restartedMain] INFO  o.s.w.s.m.m.a.RequestMappingHandlerMapping - Mapped "{[/error],produces=[text/html]}" onto public org.springframework.web.servlet.ModelAndView org.springframework.boot.autoconfigure.web.BasicErrorController.errorHtml(javax.servlet.http.HttpServletRequest,javax.servlet.http.HttpServletResponse)
16:56:36.350 [Thread-8] INFO  o.s.b.a.mongo.embedded.EmbeddedMongo - note: noprealloc may hurt performance in many applications
16:56:36.353 [Thread-8] INFO  o.s.b.a.mongo.embedded.EmbeddedMongo - 2018-12-22T16:56:36.142+0530 I CONTROL  [initandlisten] MongoDB starting : pid=9484 port=51278 dbpath=C:\Users\pc\AppData\Local\Temp\embedmongo-db-eb11f764-97c8-4e38-9248-846c6afa02f5 64-bit host=DESKTOP-NQ639DU
16:56:36.354 [Thread-8] INFO  o.s.b.a.mongo.embedded.EmbeddedMongo - 2018-12-22T16:56:36.143+0530 I CONTROL  [initandlisten] targetMinOS: Windows Vista/Windows Server 2008
16:56:36.354 [Thread-8] INFO  o.s.b.a.mongo.embedded.EmbeddedMongo - 2018-12-22T16:56:36.143+0530 I CONTROL  [initandlisten] db version v3.2.2
16:56:36.354 [Thread-8] INFO  o.s.b.a.mongo.embedded.EmbeddedMongo - 2018-12-22T16:56:36.143+0530 I CONTROL  [initandlisten] git version: 6e71d0d568e134c029203593b00a0103e7cdf30b
16:56:36.354 [Thread-8] INFO  o.s.b.a.mongo.embedded.EmbeddedMongo - 2018-12-22T16:56:36.143+0530 I CONTROL  [initandlisten] allocator: tcmalloc
16:56:36.355 [Thread-8] INFO  o.s.b.a.mongo.embedded.EmbeddedMongo - 2018-12-22T16:56:36.143+0530 I CONTROL  [initandlisten] modules: none
16:56:36.355 [Thread-8] INFO  o.s.b.a.mongo.embedded.EmbeddedMongo - 2018-12-22T16:56:36.143+0530 I CONTROL  [initandlisten] build environment:
16:56:36.356 [Thread-8] INFO  o.s.b.a.mongo.embedded.EmbeddedMongo - 2018-12-22T16:56:36.143+0530 I CONTROL  [initandlisten]     distarch: x86_64
16:56:36.356 [Thread-8] INFO  o.s.b.a.mongo.embedded.EmbeddedMongo - 2018-12-22T16:56:36.143+0530 I CONTROL  [initandlisten]     target_arch: x86_64
16:56:36.356 [Thread-8] INFO  o.s.b.a.mongo.embedded.EmbeddedMongo - 2018-12-22T16:56:36.143+0530 I CONTROL  [initandlisten] options: { net: { bindIp: "127.0.0.1", http: { enabled: false }, port: 51278 }, security: { authorization: "disabled" }, storage: { dbPath: "C:\Users\pc\AppData\Local\Temp\embedmongo-db-eb11f764-97c8-4e38-9248-846c6afa02f5", journal: { enabled: false }, mmapv1: { preallocDataFiles: false, smallFiles: true }, syncPeriodSecs: 0.0 } }
16:56:36.356 [Thread-8] INFO  o.s.b.a.mongo.embedded.EmbeddedMongo - 2018-12-22T16:56:36.144+0530 I STORAGE  [initandlisten] wiredtiger_open config: create,cache_size=4G,session_max=20000,eviction=(threads_max=4),config_base=false,statistics=(fast),log=(enabled=true,archive=true,path=journal,compressor=snappy),file_manager=(close_idle_time=100000),checkpoint=(wait=0,log_size=2GB),statistics_log=(wait=0),,log=(enabled=false),
16:56:37.011 [Thread-8] INFO  o.s.b.a.mongo.embedded.EmbeddedMongo - 2018-12-22T16:56:37.011+0530 W STORAGE  [initandlisten] Detected configuration for non-active storage engine mmapv1 when current storage engine is wiredTiger
16:56:37.013 [Thread-8] INFO  o.s.b.a.mongo.embedded.EmbeddedMongo - 2018-12-22T16:56:37.013+0530 I NETWORK  [HostnameCanonicalizationWorker] Starting hostname canonicalization worker
16:56:37.014 [Thread-8] INFO  o.s.b.a.mongo.embedded.EmbeddedMongo - 2018-12-22T16:56:37.013+0530 I FTDC     [initandlisten] Initializing full-time diagnostic data capture with directory 'C:/Users/pc/AppData/Local/Temp/embedmongo-db-eb11f764-97c8-4e38-9248-846c6afa02f5/diagnostic.data'
16:56:37.414 [Thread-8] INFO  o.s.b.a.mongo.embedded.EmbeddedMongo - 2018-12-22T16:56:37.413+0530 I NETWORK  [initandlisten] waiting for connections on port 51278
16:56:37.415 [restartedMain] INFO  d.f.embed.process.runtime.Executable - start de.flapdoodle.embed.mongo.config.MongodConfigBuilder$ImmutableMongodConfig@863ee40
16:56:38.368 [restartedMain] INFO  org.mongodb.driver.cluster - Cluster created with settings {hosts=[localhost:51278], mode=MULTIPLE, requiredClusterType=UNKNOWN, serverSelectionTimeout='30000 ms', maxWaitQueueSize=500}
16:56:38.369 [restartedMain] INFO  org.mongodb.driver.cluster - Adding discovered server localhost:51278 to client view of cluster
16:56:38.402 [Thread-8] INFO  o.s.b.a.mongo.embedded.EmbeddedMongo - 2018-12-22T16:56:38.402+0530 I NETWORK  [initandlisten] connection accepted from 127.0.0.1:51279 #1 (1 connection now open)
16:56:38.422 [cluster-ClusterId{value='5c1e1f6eaae4720110c84902', description='null'}-localhost:51278] INFO  org.mongodb.driver.connection - Opened connection [connectionId{localValue:1, serverValue:1}] to localhost:51278
16:56:38.425 [cluster-ClusterId{value='5c1e1f6eaae4720110c84902', description='null'}-localhost:51278] INFO  org.mongodb.driver.cluster - Monitor thread successfully connected to server with description ServerDescription{address=localhost:51278, type=STANDALONE, state=CONNECTED, ok=true, version=ServerVersion{versionList=[3, 2, 2]}, minWireVersion=0, maxWireVersion=4, maxDocumentSize=16777216, roundTripTimeNanos=728731}
16:56:38.428 [cluster-ClusterId{value='5c1e1f6eaae4720110c84902', description='null'}-localhost:51278] INFO  org.mongodb.driver.cluster - Discovered cluster type of STANDALONE
16:56:38.714 [restartedMain] INFO  o.s.b.a.e.mvc.EndpointHandlerMapping - Mapped "{[/heapdump || /heapdump.json],methods=[GET],produces=[application/octet-stream]}" onto public void org.springframework.boot.actuate.endpoint.mvc.HeapdumpMvcEndpoint.invoke(boolean,javax.servlet.http.HttpServletRequest,javax.servlet.http.HttpServletResponse) throws java.io.IOException,javax.servlet.ServletException
16:56:38.716 [restartedMain] INFO  o.s.b.a.e.mvc.EndpointHandlerMapping - Mapped "{[/loggers/{name:.*}],methods=[GET],produces=[application/vnd.spring-boot.actuator.v1+json || application/json]}" onto public java.lang.Object org.springframework.boot.actuate.endpoint.mvc.LoggersMvcEndpoint.get(java.lang.String)
16:56:38.717 [restartedMain] INFO  o.s.b.a.e.mvc.EndpointHandlerMapping - Mapped "{[/loggers/{name:.*}],methods=[POST],consumes=[application/vnd.spring-boot.actuator.v1+json || application/json],produces=[application/vnd.spring-boot.actuator.v1+json || application/json]}" onto public java.lang.Object org.springframework.boot.actuate.endpoint.mvc.LoggersMvcEndpoint.set(java.lang.String,java.util.Map<java.lang.String, java.lang.String>)
16:56:38.717 [restartedMain] INFO  o.s.b.a.e.mvc.EndpointHandlerMapping - Mapped "{[/loggers || /loggers.json],methods=[GET],produces=[application/vnd.spring-boot.actuator.v1+json || application/json]}" onto public java.lang.Object org.springframework.boot.actuate.endpoint.mvc.EndpointMvcAdapter.invoke()
16:56:38.718 [restartedMain] INFO  o.s.b.a.e.mvc.EndpointHandlerMapping - Mapped "{[/metrics/{name:.*}],methods=[GET],produces=[application/vnd.spring-boot.actuator.v1+json || application/json]}" onto public java.lang.Object org.springframework.boot.actuate.endpoint.mvc.MetricsMvcEndpoint.value(java.lang.String)
16:56:38.718 [restartedMain] INFO  o.s.b.a.e.mvc.EndpointHandlerMapping - Mapped "{[/metrics || /metrics.json],methods=[GET],produces=[application/vnd.spring-boot.actuator.v1+json || application/json]}" onto public java.lang.Object org.springframework.boot.actuate.endpoint.mvc.EndpointMvcAdapter.invoke()
16:56:38.719 [restartedMain] INFO  o.s.b.a.e.mvc.EndpointHandlerMapping - Mapped "{[/info || /info.json],methods=[GET],produces=[application/vnd.spring-boot.actuator.v1+json || application/json]}" onto public java.lang.Object org.springframework.boot.actuate.endpoint.mvc.EndpointMvcAdapter.invoke()
16:56:38.720 [restartedMain] INFO  o.s.b.a.e.mvc.EndpointHandlerMapping - Mapped "{[/trace || /trace.json],methods=[GET],produces=[application/vnd.spring-boot.actuator.v1+json || application/json]}" onto public java.lang.Object org.springframework.boot.actuate.endpoint.mvc.EndpointMvcAdapter.invoke()
16:56:38.721 [restartedMain] INFO  o.s.b.a.e.mvc.EndpointHandlerMapping - Mapped "{[/autoconfig || /autoconfig.json],methods=[GET],produces=[application/vnd.spring-boot.actuator.v1+json || application/json]}" onto public java.lang.Object org.springframework.boot.actuate.endpoint.mvc.EndpointMvcAdapter.invoke()
16:56:38.722 [restartedMain] INFO  o.s.b.a.e.mvc.EndpointHandlerMapping - Mapped "{[/mappings || /mappings.json],methods=[GET],produces=[application/vnd.spring-boot.actuator.v1+json || application/json]}" onto public java.lang.Object org.springframework.boot.actuate.endpoint.mvc.EndpointMvcAdapter.invoke()
16:56:38.723 [restartedMain] INFO  o.s.b.a.e.mvc.EndpointHandlerMapping - Mapped "{[/env/{name:.*}],methods=[GET],produces=[application/vnd.spring-boot.actuator.v1+json || application/json]}" onto public java.lang.Object org.springframework.boot.actuate.endpoint.mvc.EnvironmentMvcEndpoint.value(java.lang.String)
16:56:38.723 [restartedMain] INFO  o.s.b.a.e.mvc.EndpointHandlerMapping - Mapped "{[/env || /env.json],methods=[GET],produces=[application/vnd.spring-boot.actuator.v1+json || application/json]}" onto public java.lang.Object org.springframework.boot.actuate.endpoint.mvc.EndpointMvcAdapter.invoke()
16:56:38.723 [restartedMain] INFO  o.s.b.a.e.mvc.EndpointHandlerMapping - Mapped "{[/health || /health.json],methods=[GET],produces=[application/vnd.spring-boot.actuator.v1+json || application/json]}" onto public java.lang.Object org.springframework.boot.actuate.endpoint.mvc.HealthMvcEndpoint.invoke(javax.servlet.http.HttpServletRequest,java.security.Principal)
16:56:38.724 [restartedMain] INFO  o.s.b.a.e.mvc.EndpointHandlerMapping - Mapped "{[/logfile || /logfile.json],methods=[GET || HEAD]}" onto public void org.springframework.boot.actuate.endpoint.mvc.LogFileMvcEndpoint.invoke(javax.servlet.http.HttpServletRequest,javax.servlet.http.HttpServletResponse) throws javax.servlet.ServletException,java.io.IOException
16:56:38.725 [restartedMain] INFO  o.s.b.a.e.mvc.EndpointHandlerMapping - Mapped "{[/beans || /beans.json],methods=[GET],produces=[application/vnd.spring-boot.actuator.v1+json || application/json]}" onto public java.lang.Object org.springframework.boot.actuate.endpoint.mvc.EndpointMvcAdapter.invoke()
16:56:38.726 [restartedMain] INFO  o.s.b.a.e.mvc.EndpointHandlerMapping - Mapped "{[/configprops || /configprops.json],methods=[GET],produces=[application/vnd.spring-boot.actuator.v1+json || application/json]}" onto public java.lang.Object org.springframework.boot.actuate.endpoint.mvc.EndpointMvcAdapter.invoke()
16:56:38.727 [restartedMain] INFO  o.s.b.a.e.mvc.EndpointHandlerMapping - Mapped "{[/auditevents || /auditevents.json],methods=[GET],produces=[application/vnd.spring-boot.actuator.v1+json || application/json]}" onto public org.springframework.http.ResponseEntity<?> org.springframework.boot.actuate.endpoint.mvc.AuditEventsMvcEndpoint.findByPrincipalAndAfterAndType(java.lang.String,java.util.Date,java.lang.String)
16:56:38.727 [restartedMain] INFO  o.s.b.a.e.mvc.EndpointHandlerMapping - Mapped "{[/dump || /dump.json],methods=[GET],produces=[application/vnd.spring-boot.actuator.v1+json || application/json]}" onto public java.lang.Object org.springframework.boot.actuate.endpoint.mvc.EndpointMvcAdapter.invoke()
16:56:38.867 [restartedMain] INFO  s.d.s.w.PropertySourcedRequestMappingHandlerMapping - Mapped URL path [/v2/api-docs] onto method [public org.springframework.http.ResponseEntity<springfox.documentation.spring.web.json.Json> springfox.documentation.swagger2.web.Swagger2Controller.getDocumentation(java.lang.String,javax.servlet.http.HttpServletRequest)]
16:56:39.278 [restartedMain] INFO  o.s.w.s.m.m.a.RequestMappingHandlerAdapter - Looking for @ControllerAdvice: org.springframework.boot.context.embedded.AnnotationConfigEmbeddedWebApplicationContext@5c3d5b38: startup date [Sat Dec 22 16:56:32 IST 2018]; root of context hierarchy
16:56:39.320 [restartedMain] INFO  o.s.w.s.h.SimpleUrlHandlerMapping - Mapped URL path [/webjars/**] onto handler of type [class org.springframework.web.servlet.resource.ResourceHttpRequestHandler]
16:56:39.321 [restartedMain] INFO  o.s.w.s.h.SimpleUrlHandlerMapping - Mapped URL path [/**] onto handler of type [class org.springframework.web.servlet.resource.ResourceHttpRequestHandler]
16:56:39.355 [restartedMain] INFO  o.s.w.s.h.SimpleUrlHandlerMapping - Mapped URL path [/**/favicon.ico] onto handler of type [class org.springframework.web.servlet.resource.ResourceHttpRequestHandler]
16:56:39.546 [restartedMain] INFO  o.s.b.d.a.OptionalLiveReloadServer - LiveReload server is running on port 35729
16:56:39.604 [restartedMain] INFO  o.s.j.e.a.AnnotationMBeanExporter - Registering beans for JMX exposure on startup
16:56:39.615 [restartedMain] INFO  o.s.c.s.DefaultLifecycleProcessor - Starting beans in phase 0
16:56:39.666 [restartedMain] INFO  o.s.c.s.DefaultLifecycleProcessor - Starting beans in phase 2147483647
16:56:39.668 [restartedMain] INFO  s.d.s.w.p.DocumentationPluginsBootstrapper - Context refreshed
16:56:39.691 [restartedMain] INFO  s.d.s.w.p.DocumentationPluginsBootstrapper - Found 1 custom documentation plugin(s)
16:56:39.732 [restartedMain] INFO  s.d.s.w.s.ApiListingReferenceScanner - Scanning for api listing references
16:56:39.896 [restartedMain] INFO  o.s.b.c.e.t.TomcatEmbeddedServletContainer - Tomcat started on port(s): 2222 (http)
16:56:39.903 [restartedMain] INFO  pl.piomin.services.boot.Application - Started Application in 7.758 seconds (JVM running for 8.647)
16:56:47.131 [http-nio-2222-exec-1] INFO  o.a.c.c.C.[Tomcat].[localhost].[/] - Initializing Spring FrameworkServlet 'dispatcherServlet'
16:56:47.132 [http-nio-2222-exec-1] INFO  o.s.web.servlet.DispatcherServlet - FrameworkServlet 'dispatcherServlet': initialization started
16:56:47.157 [http-nio-2222-exec-1] INFO  o.s.web.servlet.DispatcherServlet - FrameworkServlet 'dispatcherServlet': initialization completed in 24 ms
16:58:23.636 [RMI TCP Connection(11)-127.0.0.1] INFO  o.s.b.a.SpringApplicationAdminMXBeanRegistrar$SpringApplicationAdmin - Application shutdown requested.
16:58:23.636 [RMI TCP Connection(11)-127.0.0.1] INFO  o.s.b.c.e.AnnotationConfigEmbeddedWebApplicationContext - Closing org.springframework.boot.context.embedded.AnnotationConfigEmbeddedWebApplicationContext@5c3d5b38: startup date [Sat Dec 22 16:56:32 IST 2018]; root of context hierarchy
16:58:23.639 [RMI TCP Connection(11)-127.0.0.1] INFO  o.s.c.s.DefaultLifecycleProcessor - Stopping beans in phase 2147483647
16:58:23.640 [RMI TCP Connection(11)-127.0.0.1] INFO  o.s.c.s.DefaultLifecycleProcessor - Stopping beans in phase 0
16:58:23.643 [RMI TCP Connection(11)-127.0.0.1] INFO  o.s.j.e.a.AnnotationMBeanExporter - Unregistering JMX-exposed beans on shutdown
16:58:23.645 [Thread-8] INFO  o.s.b.a.mongo.embedded.EmbeddedMongo - 2018-12-22T16:58:23.645+0530 I NETWORK  [conn1] end connection 127.0.0.1:51279 (0 connections now open)
16:58:23.647 [Thread-8] INFO  o.s.b.a.mongo.embedded.EmbeddedMongo - 2018-12-22T16:58:23.647+0530 I NETWORK  [initandlisten] connection accepted from 127.0.0.1:51309 #2 (1 connection now open)
16:58:23.647 [Thread-8] INFO  o.s.b.a.mongo.embedded.EmbeddedMongo - 2018-12-22T16:58:23.647+0530 I COMMAND  [conn2] terminating, shutdown command received
16:58:23.648 [Thread-8] INFO  o.s.b.a.mongo.embedded.EmbeddedMongo - 2018-12-22T16:58:23.647+0530 I FTDC     [conn2] Shutting down full-time diagnostic data capture
16:58:23.657 [Thread-8] INFO  o.s.b.a.mongo.embedded.EmbeddedMongo - 2018-12-22T16:58:23.656+0530 I CONTROL  [conn2] now exiting
16:58:23.657 [Thread-8] INFO  o.s.b.a.mongo.embedded.EmbeddedMongo - 2018-12-22T16:58:23.656+0530 I NETWORK  [conn2] shutdown: going to close listening sockets...
16:58:23.657 [Thread-8] INFO  o.s.b.a.mongo.embedded.EmbeddedMongo - 2018-12-22T16:58:23.656+0530 I NETWORK  [conn2] closing listening socket: 656
16:58:23.658 [Thread-8] INFO  o.s.b.a.mongo.embedded.EmbeddedMongo - 2018-12-22T16:58:23.656+0530 I NETWORK  [conn2] shutdown: going to flush diaglog...
16:58:23.658 [Thread-8] INFO  o.s.b.a.mongo.embedded.EmbeddedMongo - 2018-12-22T16:58:23.656+0530 I NETWORK  [conn2] shutdown: going to close sockets...
16:58:23.658 [Thread-8] INFO  o.s.b.a.mongo.embedded.EmbeddedMongo - 2018-12-22T16:58:23.657+0530 I STORAGE  [conn2] WiredTigerKVEngine shutting down
16:58:23.759 [RMI TCP Connection(11)-127.0.0.1] INFO  d.f.e.process.runtime.ProcessControl - stopOrDestroyProcess: process has not exited 
16:58:24.014 [Thread-8] INFO  o.s.b.a.mongo.embedded.EmbeddedMongo - 2018-12-22T16:58:24.014+0530 I STORAGE  [conn2] shutdown: removing fs lock...
16:58:24.014 [Thread-8] INFO  o.s.b.a.mongo.embedded.EmbeddedMongo - 2018-12-22T16:58:24.014+0530 I CONTROL  [conn2] dbexit:  rc: 0
